SF:lib/model/api_config.dart
DA:4,2
DA:10,2
DA:11,2
DA:12,2
DA:13,2
DA:14,4
DA:15,6
LF:7
LH:7
end_of_record
SF:lib/domain/api_config.dart
DA:8,4
DA:9,2
DA:10,2
DA:11,1
DA:13,2
DA:15,3
DA:17,2
LF:7
LH:7
end_of_record
SF:lib/domain/load_string_from_asset.dart
DA:6,8
DA:7,4
DA:8,2
DA:10,6
DA:11,2
DA:12,4
DA:21,6
DA:22,0
LF:8
LH:7
end_of_record
SF:lib/domain/parser.dart
DA:7,2
DA:8,2
DA:10,4
DA:11,2
DA:12,1
DA:13,0
DA:14,1
DA:15,3
LF:8
LH:7
end_of_record
SF:lib/model/result.dart
DA:15,3
DA:20,0
DA:21,0
DA:27,3
DA:36,3
DA:39,0
DA:40,0
LF:7
LH:3
end_of_record
