SF:lib/model/api_config.dart
DA:4,2
DA:10,2
DA:11,2
DA:12,2
DA:13,2
DA:14,4
DA:15,6
LF:7
LH:7
end_of_record
SF:lib/domain/api_config.dart
DA:8,4
DA:9,2
DA:10,2
DA:11,1
DA:13,2
DA:15,3
DA:17,2
LF:7
LH:7
end_of_record
SF:lib/domain/load_string_from_asset.dart
DA:6,8
DA:7,4
DA:8,2
DA:10,6
DA:11,2
DA:12,4
DA:21,6
DA:22,0
LF:8
LH:7
end_of_record
SF:lib/domain/parser.dart
DA:7,2
DA:8,2
DA:10,4
DA:11,2
DA:12,1
DA:13,0
DA:14,1
DA:15,3
LF:8
LH:7
end_of_record
SF:lib/model/item/item.freezed.dart
DA:10,0
DA:12,0
DA:17,3
DA:19,0
DA:26,0
DA:42,0
DA:43,0
DA:44,0
DA:45,0
DA:46,0
DA:47,0
DA:49,0
DA:50,0
DA:68,0
DA:74,0
DA:83,0
DA:84,0
DA:85,0
DA:88,0
DA:89,0
DA:92,0
DA:93,0
DA:96,0
DA:97,0
DA:100,0
DA:101,0
DA:104,0
DA:105,0
DA:129,0
DA:130,0
DA:132,0
DA:133,0
DA:135,0
DA:144,0
DA:145,0
DA:146,0
DA:149,0
DA:150,0
DA:153,0
DA:154,0
DA:157,0
DA:158,0
DA:161,0
DA:162,0
DA:165,0
DA:166,0
DA:176,0
DA:200,0
DA:202,0
DA:205,0
DA:207,0
DA:209,0
DA:210,0
DA:211,0
DA:212,0
DA:213,0
DA:214,0
DA:215,0
DA:218,0
DA:221,0
DA:222,0
DA:223,0
DA:224,0
DA:226,0
DA:227,0
DA:228,0
DA:229,0
DA:230,0
DA:231,0
DA:232,0
DA:233,0
DA:235,0
DA:238,0
DA:240,0
DA:241,0
DA:242,0
DA:243,0
DA:244,0
DA:245,0
DA:246,0
DA:248,0
DA:251,0
DA:263,0
DA:264,0
DA:265,0
DA:266,0
DA:267,0
DA:268,0
DA:269,0
DA:270,0
DA:271,0
DA:272,0
DA:273,0
DA:274,0
DA:275,0
DA:277,0
LF:96
LH:1
end_of_record
SF:lib/model/result.dart
DA:14,3
DA:23,3
DA:32,3
DA:35,0
DA:36,0
LF:5
LH:3
end_of_record
SF:lib/extension/unixtime.dart
DA:4,1
DA:5,4
DA:12,1
DA:13,2
LF:4
LH:4
end_of_record
